#
# There is insufficient memory for the Java Runtime Environment to continue.
# Native memory allocation (malloc) failed to allocate 1048576 bytes for AllocateHeap
# Possible reasons:
#   The system is out of physical RAM or swap space
#   In 32 bit mode, the process size limit was hit
# Possible solutions:
#   Reduce memory load on the system
#   Increase physical memory or swap space
#   Check if swap backing store is full
#   Use 64 bit Java on a 64 bit OS
#   Decrease Java heap size (-Xmx/-Xms)
#   Decrease number of Java threads
#   Decrease Java thread stack sizes (-Xss)
#   Set larger code cache with -XX:ReservedCodeCacheSize=
# This output file may be truncated or incomplete.
#
#  Out of Memory Error (memory/allocation.inline.hpp:61), pid=8300, tid=0x0000000000003b74
#
# JRE version:  (8.0_161-b12) (build )
# Java VM: Java HotSpot(TM) 64-Bit Server VM (25.161-b12 mixed mode windows-amd64 compressed oops)
# Failed to write core dump. Minidumps are not enabled by default on client versions of Windows
#

---------------  T H R E A D  ---------------

Current thread (0x0000000003082800):  JavaThread "Unknown thread" [_thread_in_vm, id=15220, stack(0x0000000002f80000,0x0000000003080000)]

Stack: [0x0000000002f80000,0x0000000003080000]
[error occurred during error reporting (printing stack bounds), id 0xc0000005]

Native frames: (J=compiled Java code, j=interpreted, Vv=VM code, C=native code)


---------------  P R O C E S S  ---------------

Java Threads: ( => current thread )

Other Threads:

=>0x0000000003082800 (exited) JavaThread "Unknown thread" [_thread_in_vm, id=15220, stack(0x0000000002f80000,0x0000000003080000)]

VM state:not at safepoint (normal execution)

VM Mutex/Monitor currently owned by a thread: None

Heap:
 PSYoungGen      total 38400K, used 665K [0x00000000d5e00000, 0x00000000d8880000, 0x0000000100000000)
  eden space 33280K, 2% used [0x00000000d5e00000,0x00000000d5ea6670,0x00000000d7e80000)
  from space 5120K, 0% used [0x00000000d8380000,0x00000000d8380000,0x00000000d8880000)
  to   space 5120K, 0% used [0x00000000d7e80000,0x00000000d7e80000,0x00000000d8380000)
 ParOldGen       total 87552K, used 0K [0x0000000081a00000, 0x0000000086f80000, 0x00000000d5e00000)
  object space 87552K, 0% used [0x0000000081a00000,0x0000000081a00000,0x0000000086f80000)
 Metaspace       used 783K, capacity 1092K, committed 1152K, reserved 1060864K
  class space    used 75K, capacity 384K, committed 384K, reserved 1048576K

Card table byte_map: [0x0000000012540000,0x0000000012940000] byte_map_base: 0x0000000012133000

Marking Bits: (ParMarkBitMap*) 0x0000000054aaf860
 Begin Bits: [0x0000000012ff0000, 0x0000000014f88000)
 End Bits:   [0x0000000014f88000, 0x0000000016f20000)

Polling page: 0x0000000000be0000

CodeCache: size=245760Kb used=328Kb max_used=328Kb free=245431Kb
 bounds [0x0000000003180000, 0x00000000033f0000, 0x0000000012180000]
 total_blobs=58 nmethods=0 adapters=38
 compilation: enabled

Compilation events (0 events):
No events

GC Heap History (0 events):
No events

Deoptimization events (0 events):
No events

Classes redefined (0 events):
No events

Internal exceptions (0 events):
No events

Events (10 events):
Event: 0.027 loading class java/lang/Short
Event: 0.027 loading class java/lang/Short done
Event: 0.027 loading class java/lang/Integer
Event: 0.027 loading class java/lang/Integer done
Event: 0.027 loading class java/lang/Long
Event: 0.027 loading class java/lang/Long done
Event: 0.028 loading class java/lang/NullPointerException
Event: 0.028 loading class java/lang/NullPointerException done
Event: 0.028 loading class java/lang/ArithmeticException
Event: 0.028 loading class java/lang/ArithmeticException done


Dynamic libraries:
0x00007ff7c2080000 - 0x00007ff7c20b7000 	C:\Program Files\Java\jdk1.8.0_161\jre\bin\java.exe
0x00007ffd15c60000 - 0x00007ffd15e41000 	C:\WINDOWS\SYSTEM32\ntdll.dll
0x00007ffd15920000 - 0x00007ffd159d2000 	C:\WINDOWS\System32\KERNEL32.DLL
0x00007ffd12bb0000 - 0x00007ffd12e23000 	C:\WINDOWS\System32\KERNELBASE.dll
0x00007ffd15b80000 - 0x00007ffd15c21000 	C:\WINDOWS\System32\ADVAPI32.dll
0x00007ffd131d0000 - 0x00007ffd1326e000 	C:\WINDOWS\System32\msvcrt.dll
0x00007ffd153b0000 - 0x00007ffd1540b000 	C:\WINDOWS\System32\sechost.dll
0x00007ffd13c50000 - 0x00007ffd13d74000 	C:\WINDOWS\System32\RPCRT4.dll
0x00007ffd13d80000 - 0x00007ffd13f10000 	C:\WINDOWS\System32\USER32.dll
0x00007ffd13020000 - 0x00007ffd13040000 	C:\WINDOWS\System32\win32u.dll
0x00007ffd15410000 - 0x00007ffd15438000 	C:\WINDOWS\System32\GDI32.dll
0x00007ffd12810000 - 0x00007ffd129a2000 	C:\WINDOWS\System32\gdi32full.dll
0x00007ffd12ab0000 - 0x00007ffd12b4f000 	C:\WINDOWS\System32\msvcp_win.dll
0x00007ffd129b0000 - 0x00007ffd12aaa000 	C:\WINDOWS\System32\ucrtbase.dll
0x00007ffd032a0000 - 0x00007ffd03509000 	C:\WINDOWS\WinSxS\amd64_microsoft.windows.common-controls_6595b64144ccf1df_6.0.17134.228_none_fb4599993062b194\COMCTL32.dll
0x00007ffd13310000 - 0x00007ffd13633000 	C:\WINDOWS\System32\combase.dll
0x00007ffd12080000 - 0x00007ffd120fa000 	C:\WINDOWS\System32\bcryptPrimitives.dll
0x00007ffd13640000 - 0x00007ffd1366d000 	C:\WINDOWS\System32\IMM32.DLL
0x0000000054f40000 - 0x0000000055012000 	C:\Program Files\Java\jdk1.8.0_161\jre\bin\msvcr100.dll
0x0000000054290000 - 0x0000000054b2f000 	C:\Program Files\Java\jdk1.8.0_161\jre\bin\server\jvm.dll
0x00007ffd13160000 - 0x00007ffd13168000 	C:\WINDOWS\System32\PSAPI.DLL
0x00007ffcfefb0000 - 0x00007ffcfefb9000 	C:\WINDOWS\SYSTEM32\WSOCK32.dll
0x00007ffd01c30000 - 0x00007ffd01c53000 	C:\WINDOWS\SYSTEM32\WINMM.dll
0x00007ffd05bf0000 - 0x00007ffd05bfa000 	C:\WINDOWS\SYSTEM32\VERSION.dll
0x00007ffd13830000 - 0x00007ffd1389c000 	C:\WINDOWS\System32\WS2_32.dll
0x00007ffd01c00000 - 0x00007ffd01c2a000 	C:\WINDOWS\SYSTEM32\winmmbase.dll
0x00007ffd12030000 - 0x00007ffd12079000 	C:\WINDOWS\System32\cfgmgr32.dll
0x0000000054ef0000 - 0x0000000054eff000 	C:\Program Files\Java\jdk1.8.0_161\jre\bin\verify.dll
0x0000000054260000 - 0x0000000054289000 	C:\Program Files\Java\jdk1.8.0_161\jre\bin\java.dll
0x0000000054ed0000 - 0x0000000054ee6000 	C:\Program Files\Java\jdk1.8.0_161\jre\bin\zip.dll

VM Arguments:
java_command: E:\Source\OracleLive\emoney-core\target\surefire\surefirebooter2033049263995542325.jar E:\Source\OracleLive\emoney-core\target\surefire\surefire1194931422649368461tmp E:\Source\OracleLive\emoney-core\target\surefire\surefire3234595142939229935tmp
java_class_path (initial): E:\Source\OracleLive\emoney-core\target\surefire\surefirebooter2033049263995542325.jar
Launcher Type: SUN_STANDARD

Environment Variables:
JAVA_HOME=C:\Program Files\Java\jdk1.8.0_161
PATH=E:\DevSuiteHome_1\jdk\jre\bin\classic;E:\DevSuiteHome_1\jdk\jre\bin;E:\DevSuiteHome_1\jdk\jre\bin\client;E:\DevSuiteHome_1\jlib;E:\DevSuiteHome_1\bin;E:\DevSuiteHome_1\jre\1.4.2\bin\client;E:\DevSuiteHome_1\jre\1.4.2\bin;E:\Server\Database\Oracle\app\oracle\product\11.2.0\server\bin;C:\ProgramData\Oracle\Java\javapath;C:\WINDOWS\system32;C:\WINDOWS;C:\WINDOWS\System32\Wbem;C:\WINDOWS\System32\WindowsPowerShell\v1.0\;C:\WINDOWS\system32\config\systemprofile\.dnx\bin;C:\Program Files\Microsoft DNX\Dnvm\;C:\Program Files\Microsoft SQL Server\130\Tools\Binn\;C:\Program Files\Git\cmd;C:\Program Files\OpenVPN\bin;C:\WINDOWS\System32\OpenSSH\;C:\Users\ChauNHT\AppData\Local\GitHubDesktop\bin;%USERPROFILE%\AppData\Local\Microsoft\WindowsApps;
USERNAME=ChauNHT
OS=Windows_NT
PROCESSOR_IDENTIFIER=Intel64 Family 6 Model 42 Stepping 7, GenuineIntel



---------------  S Y S T E M  ---------------

OS: Windows 10.0 , 64 bit Build 17134 (10.0.17134.1)

CPU:total 4 (initial active 4) (2 cores per cpu, 2 threads per core) family 6 model 42 stepping 7, cmov, cx8, fxsr, mmx, sse, sse2, sse3, ssse3, sse4.1, sse4.2, popcnt, avx, aes, clmul, ht, tsc, tscinvbit

Memory: 4k page, physical 8280232k(2775804k free), swap 10328232k(5144k free)

vm_info: Java HotSpot(TM) 64-Bit Server VM (25.161-b12) for windows-amd64 JRE (1.8.0_161-b12), built on Dec 19 2017 17:52:25 by "java_re" with MS VC++ 10.0 (VS2010)

time: Thu Sep 06 13:21:06 2018
elapsed time: 0 seconds (0d 0h 0m 0s)

