#
# There is insufficient memory for the Java Runtime Environment to continue.
# Native memory allocation (malloc) failed to allocate 481136 bytes for Chunk::new
# Possible reasons:
#   The system is out of physical RAM or swap space
#   In 32 bit mode, the process size limit was hit
# Possible solutions:
#   Reduce memory load on the system
#   Increase physical memory or swap space
#   Check if swap backing store is full
#   Use 64 bit Java on a 64 bit OS
#   Decrease Java heap size (-Xmx/-Xms)
#   Decrease number of Java threads
#   Decrease Java thread stack sizes (-Xss)
#   Set larger code cache with -XX:ReservedCodeCacheSize=
# This output file may be truncated or incomplete.
#
#  Out of Memory Error (allocation.cpp:390), pid=2016, tid=0x00000000000043c8
#
# JRE version: Java(TM) SE Runtime Environment (8.0_161-b12) (build 1.8.0_161-b12)
# Java VM: Java HotSpot(TM) 64-Bit Server VM (25.161-b12 mixed mode windows-amd64 compressed oops)
# Failed to write core dump. Minidumps are not enabled by default on client versions of Windows
#

---------------  T H R E A D  ---------------

Current thread (0x0000000017a3e000):  JavaThread "C2 CompilerThread1" daemon [_thread_in_native, id=17352, stack(0x0000000019180000,0x0000000019280000)]

Stack: [0x0000000019180000,0x0000000019280000]
[error occurred during error reporting (printing stack bounds), id 0xc0000005]

Native frames: (J=compiled Java code, j=interpreted, Vv=VM code, C=native code)


Current CompileTask:
C2:    614  470   !   4       sun.nio.cs.StreamDecoder::read (196 bytes)


---------------  P R O C E S S  ---------------

Java Threads: ( => current thread )
  0x00000000193b2800 JavaThread "Service Thread" daemon [_thread_blocked, id=7404, stack(0x0000000019780000,0x0000000019880000)]
  0x0000000017a4c000 JavaThread "C1 CompilerThread2" daemon [_thread_blocked, id=19820, stack(0x0000000019280000,0x0000000019380000)]
=>0x0000000017a3e000 JavaThread "C2 CompilerThread1" daemon [_thread_in_native, id=17352, stack(0x0000000019180000,0x0000000019280000)]
  0x0000000017a49800 JavaThread "C2 CompilerThread0" daemon [_thread_in_native, id=20012, stack(0x0000000019080000,0x0000000019180000)]
  0x0000000017a48000 JavaThread "Attach Listener" daemon [_thread_blocked, id=11820, stack(0x0000000018f80000,0x0000000019080000)]
  0x0000000017a47000 JavaThread "Signal Dispatcher" daemon [_thread_blocked, id=7144, stack(0x0000000018e80000,0x0000000018f80000)]
  0x0000000002efe000 JavaThread "Finalizer" daemon [_thread_blocked, id=20220, stack(0x0000000018c90000,0x0000000018d90000)]
  0x0000000002ef3000 JavaThread "Reference Handler" daemon [_thread_blocked, id=13980, stack(0x0000000018b90000,0x0000000018c90000)]
  0x0000000002e02800 JavaThread "main" [_thread_in_Java, id=4032, stack(0x0000000002d00000,0x0000000002e00000)]

Other Threads:
  0x0000000017a07800 VMThread [stack: 0x0000000018a90000,0x0000000018b90000] [id=4932]
  0x00000000193c0000 WatcherThread [stack: 0x0000000019880000,0x0000000019980000] [id=11100]

VM state:not at safepoint (normal execution)

VM Mutex/Monitor currently owned by a thread: None

Heap:
 PSYoungGen      total 38400K, used 18680K [0x00000000d5e00000, 0x00000000d8880000, 0x0000000100000000)
  eden space 33280K, 56% used [0x00000000d5e00000,0x00000000d703e100,0x00000000d7e80000)
  from space 5120K, 0% used [0x00000000d8380000,0x00000000d8380000,0x00000000d8880000)
  to   space 5120K, 0% used [0x00000000d7e80000,0x00000000d7e80000,0x00000000d8380000)
 ParOldGen       total 87552K, used 0K [0x0000000081a00000, 0x0000000086f80000, 0x00000000d5e00000)
  object space 87552K, 0% used [0x0000000081a00000,0x0000000081a00000,0x0000000086f80000)
 Metaspace       used 6819K, capacity 6940K, committed 7040K, reserved 1056768K
  class space    used 835K, capacity 888K, committed 896K, reserved 1048576K

Card table byte_map: [0x00000000122c0000,0x00000000126c0000] byte_map_base: 0x0000000011eb3000

Marking Bits: (ParMarkBitMap*) 0x0000000054aaf860
 Begin Bits: [0x0000000012d70000, 0x0000000014d08000)
 End Bits:   [0x0000000014d08000, 0x0000000016ca0000)

Polling page: 0x0000000002c20000

CodeCache: size=245760Kb used=2534Kb max_used=2534Kb free=243225Kb
 bounds [0x0000000002f00000, 0x0000000003180000, 0x0000000011f00000]
 total_blobs=775 nmethods=501 adapters=187
 compilation: enabled

Compilation events (10 events):
Event: 0.606 Thread 0x0000000017a4c000  510       2       org.codehaus.plexus.util.xml.pull.MXParser::getText (125 bytes)
Event: 0.606 Thread 0x0000000017a4c000 nmethod 510 0x0000000003178590 code [0x0000000003178700, 0x0000000003178a38]
Event: 0.606 Thread 0x0000000017a4c000  511       2       java.lang.String::trim (77 bytes)
Event: 0.607 Thread 0x0000000017a4c000 nmethod 511 0x0000000003178b50 code [0x0000000003178cc0, 0x0000000003178f68]
Event: 0.607 Thread 0x0000000017a4c000  512       2       java.util.jar.Manifest$FastInputStream::peek (38 bytes)
Event: 0.607 Thread 0x0000000017a4c000 nmethod 512 0x00000000031790d0 code [0x0000000003179240, 0x0000000003179428]
Event: 0.610 Thread 0x0000000017a4c000  513       2       org.sonatype.guice.plexus.scanners.PlexusXmlScanner::TEXT (10 bytes)
Event: 0.610 Thread 0x0000000017a4c000 nmethod 513 0x0000000003179510 code [0x0000000003179680, 0x0000000003179838]
Event: 0.610 Thread 0x0000000017a4c000  514       2       org.codehaus.plexus.util.xml.pull.MXParser::nextText (103 bytes)
Event: 0.611 Thread 0x0000000017a4c000 nmethod 514 0x0000000003179950 code [0x0000000003179b60, 0x000000000317a588]

GC Heap History (0 events):
No events

Deoptimization events (0 events):
No events

Classes redefined (0 events):
No events

Internal exceptions (10 events):
Event: 0.223 Thread 0x0000000002e02800 Exception <a 'java/security/PrivilegedActionException'> (0x00000000d61201a0) thrown at [C:\re\workspace\8-2-build-windows-amd64-cygwin\jdk8u161\10277\hotspot\src\share\vm\prims\jvm.cpp, line 1390]
Event: 0.223 Thread 0x0000000002e02800 Exception <a 'java/security/PrivilegedActionException'> (0x00000000d61203b0) thrown at [C:\re\workspace\8-2-build-windows-amd64-cygwin\jdk8u161\10277\hotspot\src\share\vm\prims\jvm.cpp, line 1390]
Event: 0.223 Thread 0x0000000002e02800 Exception <a 'java/security/PrivilegedActionException'> (0x00000000d61244a8) thrown at [C:\re\workspace\8-2-build-windows-amd64-cygwin\jdk8u161\10277\hotspot\src\share\vm\prims\jvm.cpp, line 1390]
Event: 0.223 Thread 0x0000000002e02800 Exception <a 'java/security/PrivilegedActionException'> (0x00000000d61246b8) thrown at [C:\re\workspace\8-2-build-windows-amd64-cygwin\jdk8u161\10277\hotspot\src\share\vm\prims\jvm.cpp, line 1390]
Event: 0.440 Thread 0x0000000002e02800 Exception <a 'java/lang/ArrayIndexOutOfBoundsException': 18> (0x00000000d685a180) thrown at [C:\re\workspace\8-2-build-windows-amd64-cygwin\jdk8u161\10277\hotspot\src\share\vm\interpreter\interpreterRuntime.cpp, line 366]
Event: 0.440 Thread 0x0000000002e02800 Exception <a 'java/lang/ArrayIndexOutOfBoundsException': 43> (0x00000000d685b020) thrown at [C:\re\workspace\8-2-build-windows-amd64-cygwin\jdk8u161\10277\hotspot\src\share\vm\interpreter\interpreterRuntime.cpp, line 366]
Event: 0.440 Thread 0x0000000002e02800 Exception <a 'java/lang/ArrayIndexOutOfBoundsException': 92> (0x00000000d685c8b8) thrown at [C:\re\workspace\8-2-build-windows-amd64-cygwin\jdk8u161\10277\hotspot\src\share\vm\interpreter\interpreterRuntime.cpp, line 366]
Event: 0.493 Thread 0x0000000002e02800 Exception <a 'java/lang/ArrayIndexOutOfBoundsException'> (0x00000000d6ab41c8) thrown at [C:\re\workspace\8-2-build-windows-amd64-cygwin\jdk8u161\10277\hotspot\src\share\vm\runtime\sharedRuntime.cpp, line 605]
Event: 0.493 Thread 0x0000000002e02800 Exception <a 'java/lang/ArrayIndexOutOfBoundsException'> (0x00000000d6ab58f0) thrown at [C:\re\workspace\8-2-build-windows-amd64-cygwin\jdk8u161\10277\hotspot\src\share\vm\runtime\sharedRuntime.cpp, line 605]
Event: 0.506 Thread 0x0000000002e02800 Exception <a 'java/lang/ArrayIndexOutOfBoundsException'> (0x00000000d6b16c30) thrown at [C:\re\workspace\8-2-build-windows-amd64-cygwin\jdk8u161\10277\hotspot\src\share\vm\runtime\sharedRuntime.cpp, line 605]

Events (10 events):
Event: 0.608 loading class org/apache/maven/artifact/repository/metadata/RepositoryMetadataManager
Event: 0.608 loading class org/apache/maven/artifact/repository/metadata/RepositoryMetadataManager done
Event: 0.608 loading class org/apache/maven/artifact/repository/metadata/RepositoryMetadataManager
Event: 0.608 loading class org/apache/maven/artifact/repository/metadata/RepositoryMetadataManager done
Event: 0.609 loading class org/apache/maven/artifact/resolver/ArtifactCollector
Event: 0.609 loading class org/apache/maven/artifact/resolver/ArtifactCollector done
Event: 0.609 loading class org/apache/maven/artifact/resolver/ArtifactCollector
Event: 0.609 loading class org/apache/maven/artifact/resolver/ArtifactCollector done
Event: 0.609 loading class org/apache/maven/repository/legacy/resolver/LegacyArtifactCollector
Event: 0.609 loading class org/apache/maven/repository/legacy/resolver/LegacyArtifactCollector done


Dynamic libraries:
0x00007ff7f0040000 - 0x00007ff7f0077000 	C:\Program Files\Java\jdk1.8.0_161\bin\java.exe
0x00007ffd15c60000 - 0x00007ffd15e41000 	C:\WINDOWS\SYSTEM32\ntdll.dll
0x00007ffd15920000 - 0x00007ffd159d2000 	C:\WINDOWS\System32\KERNEL32.DLL
0x00007ffd12bb0000 - 0x00007ffd12e23000 	C:\WINDOWS\System32\KERNELBASE.dll
0x00007ffd15b80000 - 0x00007ffd15c21000 	C:\WINDOWS\System32\ADVAPI32.dll
0x00007ffd131d0000 - 0x00007ffd1326e000 	C:\WINDOWS\System32\msvcrt.dll
0x00007ffd153b0000 - 0x00007ffd1540b000 	C:\WINDOWS\System32\sechost.dll
0x00007ffd13c50000 - 0x00007ffd13d74000 	C:\WINDOWS\System32\RPCRT4.dll
0x00007ffd13d80000 - 0x00007ffd13f10000 	C:\WINDOWS\System32\USER32.dll
0x00007ffd13020000 - 0x00007ffd13040000 	C:\WINDOWS\System32\win32u.dll
0x00007ffd15410000 - 0x00007ffd15438000 	C:\WINDOWS\System32\GDI32.dll
0x00007ffd12810000 - 0x00007ffd129a2000 	C:\WINDOWS\System32\gdi32full.dll
0x00007ffd12ab0000 - 0x00007ffd12b4f000 	C:\WINDOWS\System32\msvcp_win.dll
0x00007ffd129b0000 - 0x00007ffd12aaa000 	C:\WINDOWS\System32\ucrtbase.dll
0x00007ffd032a0000 - 0x00007ffd03509000 	C:\WINDOWS\WinSxS\amd64_microsoft.windows.common-controls_6595b64144ccf1df_6.0.17134.228_none_fb4599993062b194\COMCTL32.dll
0x00007ffd13310000 - 0x00007ffd13633000 	C:\WINDOWS\System32\combase.dll
0x00007ffd12080000 - 0x00007ffd120fa000 	C:\WINDOWS\System32\bcryptPrimitives.dll
0x00007ffd13640000 - 0x00007ffd1366d000 	C:\WINDOWS\System32\IMM32.DLL
0x0000000054f40000 - 0x0000000055012000 	C:\Program Files\Java\jdk1.8.0_161\jre\bin\msvcr100.dll
0x0000000054290000 - 0x0000000054b2f000 	C:\Program Files\Java\jdk1.8.0_161\jre\bin\server\jvm.dll
0x00007ffd13160000 - 0x00007ffd13168000 	C:\WINDOWS\System32\PSAPI.DLL
0x00007ffd01c30000 - 0x00007ffd01c53000 	C:\WINDOWS\SYSTEM32\WINMM.dll
0x00007ffcfefb0000 - 0x00007ffcfefb9000 	C:\WINDOWS\SYSTEM32\WSOCK32.dll
0x00007ffd05bf0000 - 0x00007ffd05bfa000 	C:\WINDOWS\SYSTEM32\VERSION.dll
0x00007ffd13830000 - 0x00007ffd1389c000 	C:\WINDOWS\System32\WS2_32.dll
0x00007ffd01c00000 - 0x00007ffd01c2a000 	C:\WINDOWS\SYSTEM32\WINMMBASE.dll
0x00007ffd12030000 - 0x00007ffd12079000 	C:\WINDOWS\System32\cfgmgr32.dll
0x0000000054ef0000 - 0x0000000054eff000 	C:\Program Files\Java\jdk1.8.0_161\jre\bin\verify.dll
0x0000000054260000 - 0x0000000054289000 	C:\Program Files\Java\jdk1.8.0_161\jre\bin\java.dll
0x0000000054ed0000 - 0x0000000054ee6000 	C:\Program Files\Java\jdk1.8.0_161\jre\bin\zip.dll
0x00007ffd13f70000 - 0x00007ffd153b0000 	C:\WINDOWS\System32\SHELL32.dll
0x00007ffd13760000 - 0x00007ffd13809000 	C:\WINDOWS\System32\shcore.dll
0x00007ffd12100000 - 0x00007ffd1280d000 	C:\WINDOWS\System32\windows.storage.dll
0x00007ffd13f10000 - 0x00007ffd13f61000 	C:\WINDOWS\System32\shlwapi.dll
0x00007ffd11fc0000 - 0x00007ffd11fd1000 	C:\WINDOWS\System32\kernel.appcore.dll
0x00007ffd12010000 - 0x00007ffd1202f000 	C:\WINDOWS\System32\profapi.dll
0x00007ffd11f70000 - 0x00007ffd11fbc000 	C:\WINDOWS\System32\powrprof.dll
0x00007ffd12000000 - 0x00007ffd1200a000 	C:\WINDOWS\System32\FLTLIB.DLL

VM Arguments:
jvm_args: -Dclassworlds.conf=C:\Program Files\NetBeans 8.2\java\maven\bin\m2.conf -Dmaven.home=C:\Program Files\NetBeans 8.2\java\maven 
java_command: org.codehaus.plexus.classworlds.launcher.Launcher -Dmaven.ext.class.path=C:\Program Files\NetBeans 8.2\java\maven-nblib\netbeans-eventspy.jar -Dfile.encoding=UTF-8 install
java_class_path (initial): C:\Program Files\NetBeans 8.2\java\maven\boot\plexus-classworlds-2.4.jar
Launcher Type: SUN_STANDARD

Environment Variables:
JAVA_HOME=C:\Program Files\Java\jdk1.8.0_161
PATH=E:\DevSuiteHome_1\jdk\jre\bin\classic;E:\DevSuiteHome_1\jdk\jre\bin;E:\DevSuiteHome_1\jdk\jre\bin\client;E:\DevSuiteHome_1\jlib;E:\DevSuiteHome_1\bin;E:\DevSuiteHome_1\jre\1.4.2\bin\client;E:\DevSuiteHome_1\jre\1.4.2\bin;E:\Server\Database\Oracle\app\oracle\product\11.2.0\server\bin;C:\ProgramData\Oracle\Java\javapath;C:\WINDOWS\system32;C:\WINDOWS;C:\WINDOWS\System32\Wbem;C:\WINDOWS\System32\WindowsPowerShell\v1.0\;C:\WINDOWS\system32\config\systemprofile\.dnx\bin;C:\Program Files\Microsoft DNX\Dnvm\;C:\Program Files\Microsoft SQL Server\130\Tools\Binn\;C:\Program Files\Git\cmd;C:\Program Files\OpenVPN\bin;C:\WINDOWS\System32\OpenSSH\;C:\Users\ChauNHT\AppData\Local\GitHubDesktop\bin;%USERPROFILE%\AppData\Local\Microsoft\WindowsApps;
USERNAME=ChauNHT
OS=Windows_NT
PROCESSOR_IDENTIFIER=Intel64 Family 6 Model 42 Stepping 7, GenuineIntel



---------------  S Y S T E M  ---------------

OS: Windows 10.0 , 64 bit Build 17134 (10.0.17134.1)

CPU:total 4 (initial active 4) (2 cores per cpu, 2 threads per core) family 6 model 42 stepping 7, cmov, cx8, fxsr, mmx, sse, sse2, sse3, ssse3, sse4.1, sse4.2, popcnt, avx, aes, clmul, ht, tsc, tscinvbit

Memory: 4k page, physical 8280232k(2461376k free), swap 10328232k(5492k free)

vm_info: Java HotSpot(TM) 64-Bit Server VM (25.161-b12) for windows-amd64 JRE (1.8.0_161-b12), built on Dec 19 2017 17:52:25 by "java_re" with MS VC++ 10.0 (VS2010)

time: Thu Sep 06 13:47:43 2018
elapsed time: 0 seconds (0d 0h 0m 0s)

